# JRE version: OpenJDK Runtime Environment (8.0_152-b39) (build 1.8.0_152-release-1136-b39)
# Java VM: OpenJDK 64-Bit Server VM (25.152-b39 mixed mode windows-amd64 compressed oops)
Heap:
 par new generation   total 629120K, used 315087K [0x0000000080000000, 0x00000000aaaa0000, 0x00000000aaaa0000)
  eden space 559232K,  56% used [0x0000000080000000, 0x00000000933b3cc0, 0x00000000a2220000)
  from space 69888K,   0% used [0x00000000a6660000, 0x00000000a6660000, 0x00000000aaaa0000)
  to   space 69888K,   0% used [0x00000000a2220000, 0x00000000a2220000, 0x00000000a6660000)
 concurrent mark-sweep generation total 470440K, used 142139K [0x00000000aaaa0000, 0x00000000c760a000, 0x0000000100000000)
 Metaspace       used 298332K, capacity 315673K, committed 321340K, reserved 1327104K
  class space    used 38896K, capacity 42724K, committed 43740K, reserved 1048576K
GC Heap History (10 events):
Event: 87035.630 GC heap after
Heap after GC invocations=75 (full 44):
 par new generation   total 629120K, used 0K [0x0000000080000000, 0x00000000aaaa0000, 0x00000000aaaa0000)
  eden space 559232K,   0% used [0x0000000080000000, 0x0000000080000000, 0x00000000a2220000)
  from space 69888K,   0% used [0x00000000a6660000, 0x00000000a6660000, 0x00000000aaaa0000)
  to   space 69888K,   0% used [0x00000000a2220000, 0x00000000a2220000, 0x00000000a6660000)
 concurrent mark-sweep generation total 470440K, used 141731K [0x00000000aaaa0000, 0x00000000c760a000, 0x0000000100000000)
 Metaspace       used 298213K, capacity 315621K, committed 321340K, reserved 1327104K
  class space    used 38897K, capacity 42726K, committed 43740K, reserved 1048576K
}
Event: 90635.631 GC heap before
{Heap before GC invocations=75 (full 44):
 par new generation   total 629120K, used 481541K [0x0000000080000000, 0x00000000aaaa0000, 0x00000000aaaa0000)
  eden space 559232K,  86% used [0x0000000080000000, 0x000000009d6414d0, 0x00000000a2220000)
  from space 69888K,   0% used [0x00000000a6660000, 0x00000000a6660000, 0x00000000aaaa0000)
  to   space 69888K,   0% used [0x00000000a2220000, 0x00000000a2220000, 0x00000000a6660000)
 concurrent mark-sweep generation total 470440K, used 141731K [0x00000000aaaa0000, 0x00000000c760a000, 0x0000000100000000)
 Metaspace       used 298528K, capacity 316093K, committed 321340K, reserved 1327104K
  class space    used 38933K, capacity 42794K, committed 43740K, reserved 1048576K
Event: 90637.141 GC heap after
Heap after GC invocations=76 (full 45):
 par new generation   total 629120K, used 0K [0x0000000080000000, 0x00000000aaaa0000, 0x00000000aaaa0000)
  eden space 559232K,   0% used [0x0000000080000000, 0x0000000080000000, 0x00000000a2220000)
  from space 69888K,   0% used [0x00000000a6660000, 0x00000000a6660000, 0x00000000aaaa0000)
  to   space 69888K,   0% used [0x00000000a2220000, 0x00000000a2220000, 0x00000000a6660000)
 concurrent mark-sweep generation total 470440K, used 151313K [0x00000000aaaa0000, 0x00000000c760a000, 0x0000000100000000)
 Metaspace       used 298521K, capacity 316081K, committed 321340K, reserved 1327104K
  class space    used 38932K, capacity 42792K, committed 43740K, reserved 1048576K
}
Event: 94237.142 GC heap before
{Heap before GC invocations=76 (full 45):
 par new generation   total 629120K, used 324038K [0x0000000080000000, 0x00000000aaaa0000, 0x00000000aaaa0000)
  eden space 559232K,  57% used [0x0000000080000000, 0x0000000093c71a60, 0x00000000a2220000)
  from space 69888K,   0% used [0x00000000a6660000, 0x00000000a6660000, 0x00000000aaaa0000)
  to   space 69888K,   0% used [0x00000000a2220000, 0x00000000a2220000, 0x00000000a6660000)
 concurrent mark-sweep generation total 470440K, used 151313K [0x00000000aaaa0000, 0x00000000c760a000, 0x0000000100000000)
 Metaspace       used 298525K, capacity 316081K, committed 321340K, reserved 1327104K
  class space    used 38932K, capacity 42792K, committed 43740K, reserved 1048576K
Event: 94238.763 GC heap after
Heap after GC invocations=77 (full 46):
 par new generation   total 629120K, used 0K [0x0000000080000000, 0x00000000aaaa0000, 0x00000000aaaa0000)
  eden space 559232K,   0% used [0x0000000080000000, 0x0000000080000000, 0x00000000a2220000)
  from space 69888K,   0% used [0x00000000a6660000, 0x00000000a6660000, 0x00000000aaaa0000)
  to   space 69888K,   0% used [0x00000000a2220000, 0x00000000a2220000, 0x00000000a6660000)
 concurrent mark-sweep generation total 470440K, used 142156K [0x00000000aaaa0000, 0x00000000c760a000, 0x0000000100000000)
 Metaspace       used 298328K, capacity 315673K, committed 321340K, reserved 1327104K
  class space    used 38896K, capacity 42724K, committed 43740K, reserved 1048576K
}
Event: 97838.763 GC heap before
{Heap before GC invocations=77 (full 46):
 par new generation   total 629120K, used 319190K [0x0000000080000000, 0x00000000aaaa0000, 0x00000000aaaa0000)
  eden space 559232K,  57% used [0x0000000080000000, 0x00000000937b5858, 0x00000000a2220000)
  from space 69888K,   0% used [0x00000000a6660000, 0x00000000a6660000, 0x00000000aaaa0000)
  to   space 69888K,   0% used [0x00000000a2220000, 0x00000000a2220000, 0x00000000a6660000)
 concurrent mark-sweep generation total 470440K, used 142156K [0x00000000aaaa0000, 0x00000000c760a000, 0x0000000100000000)
 Metaspace       used 298331K, capacity 315673K, committed 321340K, reserved 1327104K
  class space    used 38896K, capacity 42724K, committed 43740K, reserved 1048576K
Event: 97840.157 GC heap after
Heap after GC invocations=78 (full 47):
 par new generation   total 629120K, used 0K [0x0000000080000000, 0x00000000aaaa0000, 0x00000000aaaa0000)
  eden space 559232K,   0% used [0x0000000080000000, 0x0000000080000000, 0x00000000a2220000)
  from space 69888K,   0% used [0x00000000a6660000, 0x00000000a6660000, 0x00000000aaaa0000)
  to   space 69888K,   0% used [0x00000000a2220000, 0x00000000a2220000, 0x00000000a6660000)
 concurrent mark-sweep generation total 470440K, used 142121K [0x00000000aaaa0000, 0x00000000c760a000, 0x0000000100000000)
 Metaspace       used 298331K, capacity 315673K, committed 321340K, reserved 1327104K
  class space    used 38896K, capacity 42724K, committed 43740K, reserved 1048576K
}
Event: 101440.158 GC heap before
{Heap before GC invocations=78 (full 47):
 par new generation   total 629120K, used 323548K [0x0000000080000000, 0x00000000aaaa0000, 0x00000000aaaa0000)
  eden space 559232K,  57% used [0x0000000080000000, 0x0000000093bf7378, 0x00000000a2220000)
  from space 69888K,   0% used [0x00000000a6660000, 0x00000000a6660000, 0x00000000aaaa0000)
  to   space 69888K,   0% used [0x00000000a2220000, 0x00000000a2220000, 0x00000000a6660000)
 concurrent mark-sweep generation total 470440K, used 142121K [0x00000000aaaa0000, 0x00000000c760a000, 0x0000000100000000)
 Metaspace       used 298332K, capacity 315673K, committed 321340K, reserved 1327104K
  class space    used 38896K, capacity 42724K, committed 43740K, reserved 1048576K
Event: 101441.264 GC heap after
Heap after GC invocations=79 (full 48):
 par new generation   total 629120K, used 0K [0x0000000080000000, 0x00000000aaaa0000, 0x00000000aaaa0000)
  eden space 559232K,   0% used [0x0000000080000000, 0x0000000080000000, 0x00000000a2220000)
  from space 69888K,   0% used [0x00000000a6660000, 0x00000000a6660000, 0x00000000aaaa0000)
  to   space 69888K,   0% used [0x00000000a2220000, 0x00000000a2220000, 0x00000000a6660000)
 concurrent mark-sweep generation total 470440K, used 142139K [0x00000000aaaa0000, 0x00000000c760a000, 0x0000000100000000)
 Metaspace       used 298332K, capacity 315673K, committed 321340K, reserved 1327104K
  class space    used 38896K, capacity 42724K, committed 43740K, reserved 1048576K
}
Event: 105041.264 GC heap before
{Heap before GC invocations=79 (full 48):
 par new generation   total 629120K, used 315087K [0x0000000080000000, 0x00000000aaaa0000, 0x00000000aaaa0000)
  eden space 559232K,  56% used [0x0000000080000000, 0x00000000933b3cc0, 0x00000000a2220000)
  from space 69888K,   0% used [0x00000000a6660000, 0x00000000a6660000, 0x00000000aaaa0000)
  to   space 69888K,   0% used [0x00000000a2220000, 0x00000000a2220000, 0x00000000a6660000)
 concurrent mark-sweep generation total 470440K, used 142139K [0x00000000aaaa0000, 0x00000000c760a000, 0x0000000100000000)
 Metaspace       used 298332K, capacity 315673K, committed 321340K, reserved 1327104K
  class space    used 38896K, capacity 42724K, committed 43740K, reserved 1048576K

